<?xml version="1.0" encoding="UTF-8"?>
<!-- Generated by org.testng.reporters.JUnitXMLReporter -->
<testsuite ignored="0" hostname="MAC-AZR-199" failures="0" tests="14" name="PetTest" time="32.711" errors="0" timestamp="2025-02-10T17:24:15 IST">
  <testcase classname="api.test.UserTests" name="testPostUser" time="6.067"/>
  <testcase classname="api.test.UserTests" name="testGetUserByName" time="1.508"/>
  <testcase classname="api.test.UserTests" name="testUpdateUserByName" time="2.807"/>
  <testcase classname="api.test.UserTests" name="deleteUserByName" time="1.335"/>
  <testcase classname="api.test.UserTestsProp" name="testPostUser" time="1.461"/>
  <testcase classname="api.test.UserTestsProp" name="testGetUserByName" time="1.349"/>
  <testcase classname="api.test.UserTestsProp" name="testUpdateUserByName" time="2.786"/>
  <testcase classname="api.test.UserTestsProp" name="deleteUserByName" time="1.374"/>
  <testcase classname="api.test.UserTestsDDT" name="testPostUser" time="1.471"/>
  <testcase classname="api.test.UserTestsDDT" name="testPostUser" time="1.455"/>
  <testcase classname="api.test.UserTestsDDT" name="testPostUser" time="1.422"/>
  <testcase classname="api.test.UserTestsDDT" name="testDeleteUserByName" time="1.427"/>
  <testcase classname="api.test.UserTestsDDT" name="testDeleteUserByName" time="1.452"/>
  <testcase classname="api.test.UserTestsDDT" name="testDeleteUserByName" time="1.461"/>
</testsuite> <!-- PetTest -->
