<?xml version="1.0" encoding="UTF-8"?>
<!-- Generated by org.testng.reporters.JUnitXMLReporter -->
<testsuite ignored="0" hostname="MAC-AZR-199" failures="0" tests="14" name="PetTest" time="29.4" errors="0" timestamp="2025-02-06T13:31:24 IST">
  <testcase classname="api.test.UserTests" name="testPostUser" time="4.92"/>
  <testcase classname="api.test.UserTests" name="testGetUserByName" time="1.458"/>
  <testcase classname="api.test.UserTests" name="testUpdateUserByName" time="2.709"/>
  <testcase classname="api.test.UserTests" name="deleteUserByName" time="1.308"/>
  <testcase classname="api.test.UserTestsProp" name="testPostUser" time="1.358"/>
  <testcase classname="api.test.UserTestsProp" name="testGetUserByName" time="1.373"/>
  <testcase classname="api.test.UserTestsProp" name="testUpdateUserByName" time="2.73"/>
  <testcase classname="api.test.UserTestsProp" name="deleteUserByName" time="1.324"/>
  <testcase classname="api.test.UserTestsDDT" name="testPostUser" time="1.341"/>
  <testcase classname="api.test.UserTestsDDT" name="testPostUser" time="1.308"/>
  <testcase classname="api.test.UserTestsDDT" name="testPostUser" time="1.361"/>
  <testcase classname="api.test.UserTestsDDT" name="testDeleteUserByName" time="1.341"/>
  <testcase classname="api.test.UserTestsDDT" name="testDeleteUserByName" time="1.32"/>
  <testcase classname="api.test.UserTestsDDT" name="testDeleteUserByName" time="1.376"/>
</testsuite> <!-- PetTest -->
