<?xml version="1.0" encoding="UTF-8"?>
<!-- Generated by org.testng.reporters.JUnitXMLReporter -->
<testsuite ignored="0" hostname="MAC-AZR-199" failures="0" tests="4" name="Surefire test" time="10.917" errors="0" timestamp="2025-02-05T23:43:19 IST">
  <testcase classname="api.test.UserTests" name="testPostUser" time="4.228"/>
  <testcase classname="api.test.UserTests" name="testGetUserByName" time="1.391"/>
  <testcase classname="api.test.UserTests" name="testUpdateUserByName" time="2.713"/>
  <testcase classname="api.test.UserTests" name="deleteUserByName" time="1.312"/>
</testsuite> <!-- Surefire test -->
