<?xml version="1.0" encoding="UTF-8"?>
<!-- Generated by org.testng.reporters.JUnitXMLReporter -->
<testsuite ignored="0" hostname="MAC-AZR-199" failures="0" tests="4" name="Default test" time="11.116" errors="0" timestamp="2025-02-05T17:02:18 IST">
  <testcase classname="api.test.UserTestsProp" name="testPostUser" time="4.195"/>
  <testcase classname="api.test.UserTestsProp" name="testGetUserByName" time="1.364"/>
  <testcase classname="api.test.UserTestsProp" name="testUpdateUserByName" time="2.849"/>
  <testcase classname="api.test.UserTestsProp" name="deleteUserByName" time="1.377"/>
</testsuite> <!-- Default test -->
