<?xml version="1.0" encoding="UTF-8"?>
<testsuite xmlns:xsi="http://www.w3.org/2001/XMLSchema-instance" xsi:noNamespaceSchemaLocation="https://maven.apache.org/surefire/maven-surefire-plugin/xsd/surefire-test-report.xsd" version="3.0.2" name="TestSuite" time="35.114" tests="14" errors="0" skipped="0" failures="0">
  <properties>
[...]
</properties>
  <testcase name="testPostUser" classname="api.test.UserTests" time="6.096">
    <system-out><![CDATA[api.payload.User@22d8f4ed    >>>>>>>>>>>>>>>>>>>>>>>>
HTTP/1.1 200 OK
Date: Mon, 10 Feb 2025 11:53:50 GMT
Content-Type: application/json
Transfer-Encoding: chunked
Connection: keep-alive
Access-Control-Allow-Origin: *
Access-Control-Allow-Methods: GET, POST, DELETE, PUT
Access-Control-Allow-Headers: Content-Type, api_key, Authorization
Server: Jetty(9.2.9.v20150224)

{
    "code": 200,
    "type": "unknown",
    "message": "669284403"
}
]]></system-out>
    <system-err><![CDATA[SLF4J: Failed to load class "org.slf4j.impl.StaticLoggerBinder".
SLF4J: Defaulting to no-operation (NOP) logger implementation
SLF4J: See http://www.slf4j.org/codes.html#StaticLoggerBinder for further details.
]]></system-err>
  </testcase>
  <testcase name="testGetUserByName" classname="api.test.UserTests" time="1.512">
    <system-out><![CDATA[{
    "id": 669284403,
    "username": "emilee.orn",
    "firstName": "Demetrius",
    "lastName": "Lueilwitz",
    "email": "eliz.barrows@example.com",
    "password": "mnndmkx",
    "phone": "1-815-991-4995",
    "userStatus": 0
}
]]></system-out>
  </testcase>
  <testcase name="testUpdateUserByName" classname="api.test.UserTests" time="2.804">
    <system-out><![CDATA[HTTP/1.1 200 OK
Date: Mon, 10 Feb 2025 11:53:53 GMT
Content-Type: application/json
Transfer-Encoding: chunked
Connection: keep-alive
Access-Control-Allow-Origin: *
Access-Control-Allow-Methods: GET, POST, DELETE, PUT
Access-Control-Allow-Headers: Content-Type, api_key, Authorization
Server: Jetty(9.2.9.v20150224)

{
    "code": 200,
    "type": "unknown",
    "message": "669284403"
}
{
    "code": 200,
    "type": "unknown",
    "message": "669284403"
}
]]></system-out>
  </testcase>
  <testcase name="deleteUserByName" classname="api.test.UserTests" time="1.335"/>
  <testcase name="testPostUser" classname="api.test.UserTestsProp" time="1.461">
    <system-out><![CDATA[Creating a new user using post request
api.payload.User@4f1ea463    >>>>>>>>>>>>>>>>>>>>>>>>
Post URL: https://petstore.swagger.io/v2/user
HTTP/1.1 200 OK
Date: Mon, 10 Feb 2025 11:53:57 GMT
Content-Type: application/json
Transfer-Encoding: chunked
Connection: keep-alive
Access-Control-Allow-Origin: *
Access-Control-Allow-Methods: GET, POST, DELETE, PUT
Access-Control-Allow-Headers: Content-Type, api_key, Authorization
Server: Jetty(9.2.9.v20150224)

{
    "code": 200,
    "type": "unknown",
    "message": "1525595340"
}
]]></system-out>
  </testcase>
  <testcase name="testGetUserByName" classname="api.test.UserTestsProp" time="1.352">
    <system-out><![CDATA[{
    "id": 1525595340,
    "username": "britney.swift",
    "firstName": "Ute",
    "lastName": "Adams",
    "email": "trent.armstrong@example.com",
    "password": "rme4xa",
    "phone": "1-920-401-3584",
    "userStatus": 0
}
]]></system-out>
  </testcase>
  <testcase name="testUpdateUserByName" classname="api.test.UserTestsProp" time="2.784">
    <system-out><![CDATA[HTTP/1.1 200 OK
Date: Mon, 10 Feb 2025 11:54:00 GMT
Content-Type: application/json
Transfer-Encoding: chunked
Connection: keep-alive
Access-Control-Allow-Origin: *
Access-Control-Allow-Methods: GET, POST, DELETE, PUT
Access-Control-Allow-Headers: Content-Type, api_key, Authorization
Server: Jetty(9.2.9.v20150224)

{
    "code": 200,
    "type": "unknown",
    "message": "1525595340"
}
{
    "code": 200,
    "type": "unknown",
    "message": "1525595340"
}
]]></system-out>
  </testcase>
  <testcase name="deleteUserByName" classname="api.test.UserTestsProp" time="1.374"/>
  <testcase name="testPostUser[5050, testuser1, John, Canedy, a@gmail.com, test@1, 1234567897](1)" classname="api.test.UserTestsDDT" time="1.475">
    <system-out><![CDATA[api.payload.User@481d6644    >>>>>>>>>>>>>>>>>>>>>>>>
Post URL: https://petstore.swagger.io/v2/user
]]></system-out>
  </testcase>
  <testcase name="testPostUser[6060, testuser2, Kim, Kom, b@gmail.com, test@2, 1234567897](2)" classname="api.test.UserTestsDDT" time="1.452">
    <system-out><![CDATA[api.payload.User@1b856d2a    >>>>>>>>>>>>>>>>>>>>>>>>
Post URL: https://petstore.swagger.io/v2/user
]]></system-out>
  </testcase>
  <testcase name="testPostUser[7070, testuser3, Smith, Steve, c@gmail.com, test@3, 1234567897](3)" classname="api.test.UserTestsDDT" time="1.422">
    <system-out><![CDATA[api.payload.User@73430c86    >>>>>>>>>>>>>>>>>>>>>>>>
Post URL: https://petstore.swagger.io/v2/user
]]></system-out>
  </testcase>
  <testcase name="testDeleteUserByName[testuser1](1)" classname="api.test.UserTestsDDT" time="1.427"/>
  <testcase name="testDeleteUserByName[testuser2](2)" classname="api.test.UserTestsDDT" time="1.454"/>
  <testcase name="testDeleteUserByName[testuser3](3)" classname="api.test.UserTestsDDT" time="1.46"/>
</testsuite>