<?xml version="1.0" encoding="UTF-8"?>
<testng-results ignored="0" total="14" passed="14" failed="0" skipped="0">
  <reporter-output>
  </reporter-output>
  <suite started-at="2025-02-10T17:23:42 IST" name="PetStoreSuite" finished-at="2025-02-10T17:24:14 IST" duration-ms="32711">
    <groups>
    </groups>
    <test started-at="2025-02-10T17:23:42 IST" name="PetTest" finished-at="2025-02-10T17:24:14 IST" duration-ms="32711">
      <class name="api.test.UserTestsDDT">
        <test-method is-config="true" signature="setupData()[pri:0, instance:api.test.UserTestsDDT@55fe41ea]" started-at="2025-02-10T17:24:03 IST" name="setupData" finished-at="2025-02-10T17:24:03 IST" duration-ms="38" status="PASS">
          <reporter-output>
          </reporter-output>
        </test-method> <!-- setupData -->
        <test-method signature="testPostUser(java.lang.String,java.lang.String,java.lang.String,java.lang.String,java.lang.String,java.lang.String,java.lang.String)[pri:1, instance:api.test.UserTestsDDT@55fe41ea]" started-at="2025-02-10T17:24:05 IST" name="testPostUser" data-provider="Data" finished-at="2025-02-10T17:24:07 IST" duration-ms="1471" status="PASS">
          <params>
            <param index="0">
              <value>
                <![CDATA[5050]]>
              </value>
            </param>
            <param index="1">
              <value>
                <![CDATA[testuser1]]>
              </value>
            </param>
            <param index="2">
              <value>
                <![CDATA[John]]>
              </value>
            </param>
            <param index="3">
              <value>
                <![CDATA[Canedy]]>
              </value>
            </param>
            <param index="4">
              <value>
                <![CDATA[a@gmail.com]]>
              </value>
            </param>
            <param index="5">
              <value>
                <![CDATA[test@1]]>
              </value>
            </param>
            <param index="6">
              <value>
                <![CDATA[1234567897]]>
              </value>
            </param>
          </params>
          <reporter-output>
          </reporter-output>
        </test-method> <!-- testPostUser -->
        <test-method signature="testPostUser(java.lang.String,java.lang.String,java.lang.String,java.lang.String,java.lang.String,java.lang.String,java.lang.String)[pri:1, instance:api.test.UserTestsDDT@55fe41ea]" started-at="2025-02-10T17:24:07 IST" name="testPostUser" data-provider="Data" finished-at="2025-02-10T17:24:08 IST" duration-ms="1455" status="PASS">
          <params>
            <param index="0">
              <value>
                <![CDATA[6060]]>
              </value>
            </param>
            <param index="1">
              <value>
                <![CDATA[testuser2]]>
              </value>
            </param>
            <param index="2">
              <value>
                <![CDATA[Kim]]>
              </value>
            </param>
            <param index="3">
              <value>
                <![CDATA[Kom]]>
              </value>
            </param>
            <param index="4">
              <value>
                <![CDATA[b@gmail.com]]>
              </value>
            </param>
            <param index="5">
              <value>
                <![CDATA[test@2]]>
              </value>
            </param>
            <param index="6">
              <value>
                <![CDATA[1234567897]]>
              </value>
            </param>
          </params>
          <reporter-output>
          </reporter-output>
        </test-method> <!-- testPostUser -->
        <test-method signature="testPostUser(java.lang.String,java.lang.String,java.lang.String,java.lang.String,java.lang.String,java.lang.String,java.lang.String)[pri:1, instance:api.test.UserTestsDDT@55fe41ea]" started-at="2025-02-10T17:24:08 IST" name="testPostUser" data-provider="Data" finished-at="2025-02-10T17:24:10 IST" duration-ms="1422" status="PASS">
          <params>
            <param index="0">
              <value>
                <![CDATA[7070]]>
              </value>
            </param>
            <param index="1">
              <value>
                <![CDATA[testuser3]]>
              </value>
            </param>
            <param index="2">
              <value>
                <![CDATA[Smith]]>
              </value>
            </param>
            <param index="3">
              <value>
                <![CDATA[Steve]]>
              </value>
            </param>
            <param index="4">
              <value>
                <![CDATA[c@gmail.com]]>
              </value>
            </param>
            <param index="5">
              <value>
                <![CDATA[test@3]]>
              </value>
            </param>
            <param index="6">
              <value>
                <![CDATA[1234567897]]>
              </value>
            </param>
          </params>
          <reporter-output>
          </reporter-output>
        </test-method> <!-- testPostUser -->
        <test-method signature="testDeleteUserByName(java.lang.String)[pri:2, instance:api.test.UserTestsDDT@55fe41ea]" started-at="2025-02-10T17:24:10 IST" name="testDeleteUserByName" data-provider="UserNames" finished-at="2025-02-10T17:24:11 IST" duration-ms="1427" status="PASS">
          <params>
            <param index="0">
              <value>
                <![CDATA[testuser1]]>
              </value>
            </param>
          </params>
          <reporter-output>
          </reporter-output>
        </test-method> <!-- testDeleteUserByName -->
        <test-method signature="testDeleteUserByName(java.lang.String)[pri:2, instance:api.test.UserTestsDDT@55fe41ea]" started-at="2025-02-10T17:24:11 IST" name="testDeleteUserByName" data-provider="UserNames" finished-at="2025-02-10T17:24:13 IST" duration-ms="1452" status="PASS">
          <params>
            <param index="0">
              <value>
                <![CDATA[testuser2]]>
              </value>
            </param>
          </params>
          <reporter-output>
          </reporter-output>
        </test-method> <!-- testDeleteUserByName -->
        <test-method signature="testDeleteUserByName(java.lang.String)[pri:2, instance:api.test.UserTestsDDT@55fe41ea]" started-at="2025-02-10T17:24:13 IST" name="testDeleteUserByName" data-provider="UserNames" finished-at="2025-02-10T17:24:14 IST" duration-ms="1461" status="PASS">
          <params>
            <param index="0">
              <value>
                <![CDATA[testuser3]]>
              </value>
            </param>
          </params>
          <reporter-output>
          </reporter-output>
        </test-method> <!-- testDeleteUserByName -->
      </class> <!-- api.test.UserTestsDDT -->
      <class name="api.test.UserTestsProp">
        <test-method is-config="true" signature="setupData()[pri:0, instance:api.test.UserTestsProp@1c1bbc4e]" started-at="2025-02-10T17:23:56 IST" name="setupData" finished-at="2025-02-10T17:23:56 IST" duration-ms="50" status="PASS">
          <reporter-output>
          </reporter-output>
        </test-method> <!-- setupData -->
        <test-method signature="testPostUser()[pri:1, instance:api.test.UserTestsProp@1c1bbc4e]" started-at="2025-02-10T17:23:56 IST" name="testPostUser" finished-at="2025-02-10T17:23:57 IST" duration-ms="1461" status="PASS">
          <reporter-output>
          </reporter-output>
        </test-method> <!-- testPostUser -->
        <test-method signature="testGetUserByName()[pri:2, instance:api.test.UserTestsProp@1c1bbc4e]" started-at="2025-02-10T17:23:57 IST" name="testGetUserByName" finished-at="2025-02-10T17:23:59 IST" duration-ms="1349" status="PASS">
          <reporter-output>
          </reporter-output>
        </test-method> <!-- testGetUserByName -->
        <test-method signature="testUpdateUserByName()[pri:3, instance:api.test.UserTestsProp@1c1bbc4e]" started-at="2025-02-10T17:23:59 IST" name="testUpdateUserByName" finished-at="2025-02-10T17:24:01 IST" duration-ms="2786" status="PASS">
          <reporter-output>
          </reporter-output>
        </test-method> <!-- testUpdateUserByName -->
        <test-method signature="deleteUserByName()[pri:4, instance:api.test.UserTestsProp@1c1bbc4e]" started-at="2025-02-10T17:24:01 IST" name="deleteUserByName" finished-at="2025-02-10T17:24:03 IST" duration-ms="1374" status="PASS">
          <reporter-output>
          </reporter-output>
        </test-method> <!-- deleteUserByName -->
      </class> <!-- api.test.UserTestsProp -->
      <class name="api.test.UserTests">
        <test-method is-config="true" signature="setupData()[pri:0, instance:api.test.UserTests@3d285d7e]" started-at="2025-02-10T17:23:42 IST" name="setupData" finished-at="2025-02-10T17:23:44 IST" duration-ms="1557" status="PASS">
          <reporter-output>
          </reporter-output>
        </test-method> <!-- setupData -->
        <test-method signature="testPostUser()[pri:1, instance:api.test.UserTests@3d285d7e]" started-at="2025-02-10T17:23:44 IST" name="testPostUser" finished-at="2025-02-10T17:23:50 IST" duration-ms="6067" status="PASS">
          <reporter-output>
          </reporter-output>
        </test-method> <!-- testPostUser -->
        <test-method signature="testGetUserByName()[pri:2, instance:api.test.UserTests@3d285d7e]" started-at="2025-02-10T17:23:50 IST" name="testGetUserByName" finished-at="2025-02-10T17:23:52 IST" duration-ms="1508" status="PASS">
          <reporter-output>
          </reporter-output>
        </test-method> <!-- testGetUserByName -->
        <test-method signature="testUpdateUserByName()[pri:3, instance:api.test.UserTests@3d285d7e]" started-at="2025-02-10T17:23:52 IST" name="testUpdateUserByName" finished-at="2025-02-10T17:23:54 IST" duration-ms="2807" status="PASS">
          <reporter-output>
          </reporter-output>
        </test-method> <!-- testUpdateUserByName -->
        <test-method signature="deleteUserByName()[pri:4, instance:api.test.UserTests@3d285d7e]" started-at="2025-02-10T17:23:54 IST" name="deleteUserByName" finished-at="2025-02-10T17:23:56 IST" duration-ms="1335" status="PASS">
          <reporter-output>
          </reporter-output>
        </test-method> <!-- deleteUserByName -->
      </class> <!-- api.test.UserTests -->
    </test> <!-- PetTest -->
  </suite> <!-- PetStoreSuite -->
</testng-results>
