<?xml version="1.0" encoding="UTF-8"?>
<testng-results ignored="0" total="14" passed="14" failed="0" skipped="0">
  <reporter-output>
  </reporter-output>
  <suite started-at="2025-02-06T13:30:54 IST" name="PetStoreSuite" finished-at="2025-02-06T13:31:23 IST" duration-ms="29400">
    <groups>
    </groups>
    <test started-at="2025-02-06T13:30:54 IST" name="PetTest" finished-at="2025-02-06T13:31:23 IST" duration-ms="29400">
      <class name="api.test.UserTestsDDT">
        <test-method is-config="true" signature="setupData()[pri:0, instance:api.test.UserTestsDDT@55fe41ea]" started-at="2025-02-06T13:31:13 IST" name="setupData" finished-at="2025-02-06T13:31:13 IST" duration-ms="45" status="PASS">
          <reporter-output>
          </reporter-output>
        </test-method> <!-- setupData -->
        <test-method signature="testPostUser(java.lang.String,java.lang.String,java.lang.String,java.lang.String,java.lang.String,java.lang.String,java.lang.String)[pri:1, instance:api.test.UserTestsDDT@55fe41ea]" started-at="2025-02-06T13:31:15 IST" name="testPostUser" data-provider="Data" finished-at="2025-02-06T13:31:16 IST" duration-ms="1341" status="PASS">
          <params>
            <param index="0">
              <value>
                <![CDATA[5050]]>
              </value>
            </param>
            <param index="1">
              <value>
                <![CDATA[testuser1]]>
              </value>
            </param>
            <param index="2">
              <value>
                <![CDATA[John]]>
              </value>
            </param>
            <param index="3">
              <value>
                <![CDATA[Canedy]]>
              </value>
            </param>
            <param index="4">
              <value>
                <![CDATA[a@gmail.com]]>
              </value>
            </param>
            <param index="5">
              <value>
                <![CDATA[test@1]]>
              </value>
            </param>
            <param index="6">
              <value>
                <![CDATA[1234567897]]>
              </value>
            </param>
          </params>
          <reporter-output>
          </reporter-output>
        </test-method> <!-- testPostUser -->
        <test-method signature="testPostUser(java.lang.String,java.lang.String,java.lang.String,java.lang.String,java.lang.String,java.lang.String,java.lang.String)[pri:1, instance:api.test.UserTestsDDT@55fe41ea]" started-at="2025-02-06T13:31:16 IST" name="testPostUser" data-provider="Data" finished-at="2025-02-06T13:31:18 IST" duration-ms="1308" status="PASS">
          <params>
            <param index="0">
              <value>
                <![CDATA[6060]]>
              </value>
            </param>
            <param index="1">
              <value>
                <![CDATA[testuser2]]>
              </value>
            </param>
            <param index="2">
              <value>
                <![CDATA[Kim]]>
              </value>
            </param>
            <param index="3">
              <value>
                <![CDATA[Kom]]>
              </value>
            </param>
            <param index="4">
              <value>
                <![CDATA[b@gmail.com]]>
              </value>
            </param>
            <param index="5">
              <value>
                <![CDATA[test@2]]>
              </value>
            </param>
            <param index="6">
              <value>
                <![CDATA[1234567897]]>
              </value>
            </param>
          </params>
          <reporter-output>
          </reporter-output>
        </test-method> <!-- testPostUser -->
        <test-method signature="testPostUser(java.lang.String,java.lang.String,java.lang.String,java.lang.String,java.lang.String,java.lang.String,java.lang.String)[pri:1, instance:api.test.UserTestsDDT@55fe41ea]" started-at="2025-02-06T13:31:18 IST" name="testPostUser" data-provider="Data" finished-at="2025-02-06T13:31:19 IST" duration-ms="1361" status="PASS">
          <params>
            <param index="0">
              <value>
                <![CDATA[7070]]>
              </value>
            </param>
            <param index="1">
              <value>
                <![CDATA[testuser3]]>
              </value>
            </param>
            <param index="2">
              <value>
                <![CDATA[Smith]]>
              </value>
            </param>
            <param index="3">
              <value>
                <![CDATA[Steve]]>
              </value>
            </param>
            <param index="4">
              <value>
                <![CDATA[c@gmail.com]]>
              </value>
            </param>
            <param index="5">
              <value>
                <![CDATA[test@3]]>
              </value>
            </param>
            <param index="6">
              <value>
                <![CDATA[1234567897]]>
              </value>
            </param>
          </params>
          <reporter-output>
          </reporter-output>
        </test-method> <!-- testPostUser -->
        <test-method signature="testDeleteUserByName(java.lang.String)[pri:2, instance:api.test.UserTestsDDT@55fe41ea]" started-at="2025-02-06T13:31:19 IST" name="testDeleteUserByName" data-provider="UserNames" finished-at="2025-02-06T13:31:20 IST" duration-ms="1341" status="PASS">
          <params>
            <param index="0">
              <value>
                <![CDATA[testuser1]]>
              </value>
            </param>
          </params>
          <reporter-output>
          </reporter-output>
        </test-method> <!-- testDeleteUserByName -->
        <test-method signature="testDeleteUserByName(java.lang.String)[pri:2, instance:api.test.UserTestsDDT@55fe41ea]" started-at="2025-02-06T13:31:20 IST" name="testDeleteUserByName" data-provider="UserNames" finished-at="2025-02-06T13:31:22 IST" duration-ms="1320" status="PASS">
          <params>
            <param index="0">
              <value>
                <![CDATA[testuser2]]>
              </value>
            </param>
          </params>
          <reporter-output>
          </reporter-output>
        </test-method> <!-- testDeleteUserByName -->
        <test-method signature="testDeleteUserByName(java.lang.String)[pri:2, instance:api.test.UserTestsDDT@55fe41ea]" started-at="2025-02-06T13:31:22 IST" name="testDeleteUserByName" data-provider="UserNames" finished-at="2025-02-06T13:31:23 IST" duration-ms="1376" status="PASS">
          <params>
            <param index="0">
              <value>
                <![CDATA[testuser3]]>
              </value>
            </param>
          </params>
          <reporter-output>
          </reporter-output>
        </test-method> <!-- testDeleteUserByName -->
      </class> <!-- api.test.UserTestsDDT -->
      <class name="api.test.UserTestsProp">
        <test-method is-config="true" signature="setupData()[pri:0, instance:api.test.UserTestsProp@1c1bbc4e]" started-at="2025-02-06T13:31:06 IST" name="setupData" finished-at="2025-02-06T13:31:06 IST" duration-ms="37" status="PASS">
          <reporter-output>
          </reporter-output>
        </test-method> <!-- setupData -->
        <test-method signature="testPostUser()[pri:1, instance:api.test.UserTestsProp@1c1bbc4e]" started-at="2025-02-06T13:31:06 IST" name="testPostUser" finished-at="2025-02-06T13:31:08 IST" duration-ms="1358" status="PASS">
          <reporter-output>
          </reporter-output>
        </test-method> <!-- testPostUser -->
        <test-method signature="testGetUserByName()[pri:2, instance:api.test.UserTestsProp@1c1bbc4e]" started-at="2025-02-06T13:31:08 IST" name="testGetUserByName" finished-at="2025-02-06T13:31:09 IST" duration-ms="1373" status="PASS">
          <reporter-output>
          </reporter-output>
        </test-method> <!-- testGetUserByName -->
        <test-method signature="testUpdateUserByName()[pri:3, instance:api.test.UserTestsProp@1c1bbc4e]" started-at="2025-02-06T13:31:09 IST" name="testUpdateUserByName" finished-at="2025-02-06T13:31:12 IST" duration-ms="2730" status="PASS">
          <reporter-output>
          </reporter-output>
        </test-method> <!-- testUpdateUserByName -->
        <test-method signature="deleteUserByName()[pri:4, instance:api.test.UserTestsProp@1c1bbc4e]" started-at="2025-02-06T13:31:12 IST" name="deleteUserByName" finished-at="2025-02-06T13:31:13 IST" duration-ms="1324" status="PASS">
          <reporter-output>
          </reporter-output>
        </test-method> <!-- deleteUserByName -->
      </class> <!-- api.test.UserTestsProp -->
      <class name="api.test.UserTests">
        <test-method is-config="true" signature="setupData()[pri:0, instance:api.test.UserTests@3d285d7e]" started-at="2025-02-06T13:30:54 IST" name="setupData" finished-at="2025-02-06T13:30:56 IST" duration-ms="1491" status="PASS">
          <reporter-output>
          </reporter-output>
        </test-method> <!-- setupData -->
        <test-method signature="testPostUser()[pri:1, instance:api.test.UserTests@3d285d7e]" started-at="2025-02-06T13:30:56 IST" name="testPostUser" finished-at="2025-02-06T13:31:01 IST" duration-ms="4920" status="PASS">
          <reporter-output>
          </reporter-output>
        </test-method> <!-- testPostUser -->
        <test-method signature="testGetUserByName()[pri:2, instance:api.test.UserTests@3d285d7e]" started-at="2025-02-06T13:31:01 IST" name="testGetUserByName" finished-at="2025-02-06T13:31:02 IST" duration-ms="1458" status="PASS">
          <reporter-output>
          </reporter-output>
        </test-method> <!-- testGetUserByName -->
        <test-method signature="testUpdateUserByName()[pri:3, instance:api.test.UserTests@3d285d7e]" started-at="2025-02-06T13:31:02 IST" name="testUpdateUserByName" finished-at="2025-02-06T13:31:05 IST" duration-ms="2709" status="PASS">
          <reporter-output>
          </reporter-output>
        </test-method> <!-- testUpdateUserByName -->
        <test-method signature="deleteUserByName()[pri:4, instance:api.test.UserTests@3d285d7e]" started-at="2025-02-06T13:31:05 IST" name="deleteUserByName" finished-at="2025-02-06T13:31:06 IST" duration-ms="1308" status="PASS">
          <reporter-output>
          </reporter-output>
        </test-method> <!-- deleteUserByName -->
      </class> <!-- api.test.UserTests -->
    </test> <!-- PetTest -->
  </suite> <!-- PetStoreSuite -->
</testng-results>
