<?xml version="1.0" encoding="UTF-8"?>
<testng-results ignored="0" total="14" passed="14" failed="0" skipped="0">
  <reporter-output>
  </reporter-output>
  <suite started-at="2025-02-05T18:42:34 IST" name="PetStoreSuite" finished-at="2025-02-05T18:43:05 IST" duration-ms="31686">
    <groups>
    </groups>
    <test started-at="2025-02-05T18:42:34 IST" name="PetTest" finished-at="2025-02-05T18:43:05 IST" duration-ms="31686">
      <class name="api.test.UserTestsDDT">
        <test-method is-config="true" signature="setupData()[pri:0, instance:api.test.UserTestsDDT@769a1df5]" started-at="2025-02-05T18:42:55 IST" name="setupData" finished-at="2025-02-05T18:42:55 IST" duration-ms="41" status="PASS">
          <reporter-output>
          </reporter-output>
        </test-method> <!-- setupData -->
        <test-method signature="testPostUser(java.lang.String,java.lang.String,java.lang.String,java.lang.String,java.lang.String,java.lang.String,java.lang.String)[pri:1, instance:api.test.UserTestsDDT@769a1df5]" started-at="2025-02-05T18:42:57 IST" name="testPostUser" data-provider="Data" finished-at="2025-02-05T18:42:59 IST" duration-ms="1388" status="PASS">
          <params>
            <param index="0">
              <value>
                <![CDATA[5050]]>
              </value>
            </param>
            <param index="1">
              <value>
                <![CDATA[testuser1]]>
              </value>
            </param>
            <param index="2">
              <value>
                <![CDATA[John]]>
              </value>
            </param>
            <param index="3">
              <value>
                <![CDATA[Canedy]]>
              </value>
            </param>
            <param index="4">
              <value>
                <![CDATA[a@gmail.com]]>
              </value>
            </param>
            <param index="5">
              <value>
                <![CDATA[test@1]]>
              </value>
            </param>
            <param index="6">
              <value>
                <![CDATA[1234567897]]>
              </value>
            </param>
          </params>
          <reporter-output>
          </reporter-output>
        </test-method> <!-- testPostUser -->
        <test-method signature="testPostUser(java.lang.String,java.lang.String,java.lang.String,java.lang.String,java.lang.String,java.lang.String,java.lang.String)[pri:1, instance:api.test.UserTestsDDT@769a1df5]" started-at="2025-02-05T18:42:59 IST" name="testPostUser" data-provider="Data" finished-at="2025-02-05T18:43:00 IST" duration-ms="1342" status="PASS">
          <params>
            <param index="0">
              <value>
                <![CDATA[6060]]>
              </value>
            </param>
            <param index="1">
              <value>
                <![CDATA[testuser2]]>
              </value>
            </param>
            <param index="2">
              <value>
                <![CDATA[Kim]]>
              </value>
            </param>
            <param index="3">
              <value>
                <![CDATA[Kom]]>
              </value>
            </param>
            <param index="4">
              <value>
                <![CDATA[b@gmail.com]]>
              </value>
            </param>
            <param index="5">
              <value>
                <![CDATA[test@2]]>
              </value>
            </param>
            <param index="6">
              <value>
                <![CDATA[1234567897]]>
              </value>
            </param>
          </params>
          <reporter-output>
          </reporter-output>
        </test-method> <!-- testPostUser -->
        <test-method signature="testPostUser(java.lang.String,java.lang.String,java.lang.String,java.lang.String,java.lang.String,java.lang.String,java.lang.String)[pri:1, instance:api.test.UserTestsDDT@769a1df5]" started-at="2025-02-05T18:43:00 IST" name="testPostUser" data-provider="Data" finished-at="2025-02-05T18:43:01 IST" duration-ms="1351" status="PASS">
          <params>
            <param index="0">
              <value>
                <![CDATA[7070]]>
              </value>
            </param>
            <param index="1">
              <value>
                <![CDATA[testuser3]]>
              </value>
            </param>
            <param index="2">
              <value>
                <![CDATA[Smith]]>
              </value>
            </param>
            <param index="3">
              <value>
                <![CDATA[Steve]]>
              </value>
            </param>
            <param index="4">
              <value>
                <![CDATA[c@gmail.com]]>
              </value>
            </param>
            <param index="5">
              <value>
                <![CDATA[test@3]]>
              </value>
            </param>
            <param index="6">
              <value>
                <![CDATA[1234567897]]>
              </value>
            </param>
          </params>
          <reporter-output>
          </reporter-output>
        </test-method> <!-- testPostUser -->
        <test-method signature="testDeleteUserByName(java.lang.String)[pri:2, instance:api.test.UserTestsDDT@769a1df5]" started-at="2025-02-05T18:43:01 IST" name="testDeleteUserByName" data-provider="UserNames" finished-at="2025-02-05T18:43:03 IST" duration-ms="1344" status="PASS">
          <params>
            <param index="0">
              <value>
                <![CDATA[testuser1]]>
              </value>
            </param>
          </params>
          <reporter-output>
          </reporter-output>
        </test-method> <!-- testDeleteUserByName -->
        <test-method signature="testDeleteUserByName(java.lang.String)[pri:2, instance:api.test.UserTestsDDT@769a1df5]" started-at="2025-02-05T18:43:03 IST" name="testDeleteUserByName" data-provider="UserNames" finished-at="2025-02-05T18:43:04 IST" duration-ms="1329" status="PASS">
          <params>
            <param index="0">
              <value>
                <![CDATA[testuser2]]>
              </value>
            </param>
          </params>
          <reporter-output>
          </reporter-output>
        </test-method> <!-- testDeleteUserByName -->
        <test-method signature="testDeleteUserByName(java.lang.String)[pri:2, instance:api.test.UserTestsDDT@769a1df5]" started-at="2025-02-05T18:43:04 IST" name="testDeleteUserByName" data-provider="UserNames" finished-at="2025-02-05T18:43:05 IST" duration-ms="1317" status="PASS">
          <params>
            <param index="0">
              <value>
                <![CDATA[testuser3]]>
              </value>
            </param>
          </params>
          <reporter-output>
          </reporter-output>
        </test-method> <!-- testDeleteUserByName -->
      </class> <!-- api.test.UserTestsDDT -->
      <class name="api.test.UserTestsProp">
        <test-method is-config="true" signature="setupData()[pri:0, instance:api.test.UserTestsProp@3e78b6a5]" started-at="2025-02-05T18:42:48 IST" name="setupData" finished-at="2025-02-05T18:42:48 IST" duration-ms="45" status="PASS">
          <reporter-output>
          </reporter-output>
        </test-method> <!-- setupData -->
        <test-method signature="testPostUser()[pri:1, instance:api.test.UserTestsProp@3e78b6a5]" started-at="2025-02-05T18:42:48 IST" name="testPostUser" finished-at="2025-02-05T18:42:50 IST" duration-ms="1390" status="PASS">
          <reporter-output>
          </reporter-output>
        </test-method> <!-- testPostUser -->
        <test-method signature="testGetUserByName()[pri:2, instance:api.test.UserTestsProp@3e78b6a5]" started-at="2025-02-05T18:42:50 IST" name="testGetUserByName" finished-at="2025-02-05T18:42:51 IST" duration-ms="1374" status="PASS">
          <reporter-output>
          </reporter-output>
        </test-method> <!-- testGetUserByName -->
        <test-method signature="testUpdateUserByName()[pri:3, instance:api.test.UserTestsProp@3e78b6a5]" started-at="2025-02-05T18:42:51 IST" name="testUpdateUserByName" finished-at="2025-02-05T18:42:54 IST" duration-ms="2720" status="PASS">
          <reporter-output>
          </reporter-output>
        </test-method> <!-- testUpdateUserByName -->
        <test-method signature="deleteUserByName()[pri:4, instance:api.test.UserTestsProp@3e78b6a5]" started-at="2025-02-05T18:42:54 IST" name="deleteUserByName" finished-at="2025-02-05T18:42:55 IST" duration-ms="1330" status="PASS">
          <reporter-output>
          </reporter-output>
        </test-method> <!-- deleteUserByName -->
      </class> <!-- api.test.UserTestsProp -->
      <class name="api.test.UserTests">
        <test-method is-config="true" signature="setupData()[pri:0, instance:api.test.UserTests@5c86dbc5]" started-at="2025-02-05T18:42:35 IST" name="setupData" finished-at="2025-02-05T18:42:37 IST" duration-ms="1985" status="PASS">
          <reporter-output>
          </reporter-output>
        </test-method> <!-- setupData -->
        <test-method signature="testPostUser()[pri:1, instance:api.test.UserTests@5c86dbc5]" started-at="2025-02-05T18:42:37 IST" name="testPostUser" finished-at="2025-02-05T18:42:43 IST" duration-ms="6053" status="PASS">
          <reporter-output>
          </reporter-output>
        </test-method> <!-- testPostUser -->
        <test-method signature="testGetUserByName()[pri:2, instance:api.test.UserTests@5c86dbc5]" started-at="2025-02-05T18:42:43 IST" name="testGetUserByName" finished-at="2025-02-05T18:42:44 IST" duration-ms="1428" status="PASS">
          <reporter-output>
          </reporter-output>
        </test-method> <!-- testGetUserByName -->
        <test-method signature="testUpdateUserByName()[pri:3, instance:api.test.UserTests@5c86dbc5]" started-at="2025-02-05T18:42:44 IST" name="testUpdateUserByName" finished-at="2025-02-05T18:42:47 IST" duration-ms="2675" status="PASS">
          <reporter-output>
          </reporter-output>
        </test-method> <!-- testUpdateUserByName -->
        <test-method signature="deleteUserByName()[pri:4, instance:api.test.UserTests@5c86dbc5]" started-at="2025-02-05T18:42:47 IST" name="deleteUserByName" finished-at="2025-02-05T18:42:48 IST" duration-ms="1362" status="PASS">
          <reporter-output>
          </reporter-output>
        </test-method> <!-- deleteUserByName -->
      </class> <!-- api.test.UserTests -->
    </test> <!-- PetTest -->
  </suite> <!-- PetStoreSuite -->
</testng-results>
