<?xml version="1.0" encoding="UTF-8"?>
<!-- Generated by org.testng.reporters.JUnitXMLReporter -->
<testsuite ignored="0" hostname="MAC-AZR-199" failures="0" tests="14" name="PetTest" time="31.686" errors="0" timestamp="2025-02-05T18:43:06 IST">
  <testcase classname="api.test.UserTests" name="testPostUser" time="6.053"/>
  <testcase classname="api.test.UserTests" name="testGetUserByName" time="1.428"/>
  <testcase classname="api.test.UserTests" name="testUpdateUserByName" time="2.675"/>
  <testcase classname="api.test.UserTests" name="deleteUserByName" time="1.362"/>
  <testcase classname="api.test.UserTestsProp" name="testPostUser" time="1.39"/>
  <testcase classname="api.test.UserTestsProp" name="testGetUserByName" time="1.374"/>
  <testcase classname="api.test.UserTestsProp" name="testUpdateUserByName" time="2.72"/>
  <testcase classname="api.test.UserTestsProp" name="deleteUserByName" time="1.33"/>
  <testcase classname="api.test.UserTestsDDT" name="testPostUser" time="1.388"/>
  <testcase classname="api.test.UserTestsDDT" name="testPostUser" time="1.342"/>
  <testcase classname="api.test.UserTestsDDT" name="testPostUser" time="1.351"/>
  <testcase classname="api.test.UserTestsDDT" name="testDeleteUserByName" time="1.344"/>
  <testcase classname="api.test.UserTestsDDT" name="testDeleteUserByName" time="1.329"/>
  <testcase classname="api.test.UserTestsDDT" name="testDeleteUserByName" time="1.317"/>
</testsuite> <!-- PetTest -->
